<?xml version="1.0" encoding="UTF-8"?>
<testng-results ignored="0" total="6" passed="5" failed="1" skipped="0">
  <reporter-output>
  </reporter-output>
  <suite started-at="2024-05-10T02:19:34 IST" name="Default suite" finished-at="2024-05-10T02:19:46 IST" duration-ms="11517">
    <groups>
    </groups>
    <test started-at="2024-05-10T02:19:34 IST" name="Default test" finished-at="2024-05-10T02:19:46 IST" duration-ms="11517">
      <class name="com.swaglab.tests.LoginPageTest">
        <test-method is-config="true" signature="setup()[pri:0, instance:com.swaglab.tests.LoginPageTest@611889f4]" started-at="2024-05-10T02:19:34 IST" name="setup" finished-at="2024-05-10T02:19:39 IST" duration-ms="5361" status="PASS">
          <reporter-output>
          </reporter-output>
        </test-method> <!-- setup -->
        <test-method signature="loginPageTitleTest()[pri:1, instance:com.swaglab.tests.LoginPageTest@611889f4]" started-at="2024-05-10T02:19:39 IST" name="loginPageTitleTest" finished-at="2024-05-10T02:19:39 IST" duration-ms="19" status="PASS">
          <reporter-output>
          </reporter-output>
        </test-method> <!-- loginPageTitleTest -->
        <test-method signature="loginPageURLTest()[pri:2, instance:com.swaglab.tests.LoginPageTest@611889f4]" started-at="2024-05-10T02:19:40 IST" name="loginPageURLTest" finished-at="2024-05-10T02:19:40 IST" duration-ms="2" status="PASS">
          <reporter-output>
          </reporter-output>
        </test-method> <!-- loginPageURLTest -->
        <test-method signature="loginToApplication1(java.lang.String,java.lang.String)[pri:3, instance:com.swaglab.tests.LoginPageTest@611889f4]" started-at="2024-05-10T02:19:40 IST" name="loginToApplication1" data-provider="getLoginData" finished-at="2024-05-10T02:19:40 IST" duration-ms="335" status="PASS">
          <params>
            <param index="0">
              <value>
                <![CDATA[standard_user]]>
              </value>
            </param>
            <param index="1">
              <value>
                <![CDATA[secret_sauce]]>
              </value>
            </param>
          </params>
          <reporter-output>
          </reporter-output>
        </test-method> <!-- loginToApplication1 -->
        <test-method signature="loginToApplication1(java.lang.String,java.lang.String)[pri:3, instance:com.swaglab.tests.LoginPageTest@611889f4]" started-at="2024-05-10T02:19:40 IST" name="loginToApplication1" data-provider="getLoginData" finished-at="2024-05-10T02:19:40 IST" duration-ms="250" status="FAIL">
          <params>
            <param index="0">
              <value>
                <![CDATA[locked_out_user]]>
              </value>
            </param>
            <param index="1">
              <value>
                <![CDATA[secret_sauce]]>
              </value>
            </param>
          </params>
          <exception class="java.lang.AssertionError">
            <message>
              <![CDATA[expected [https://www.saucedemo.com/v1/inventory.html] but found [https://www.saucedemo.com/v1/index.html]]]>
            </message>
            <full-stacktrace>
              <![CDATA[java.lang.AssertionError: expected [https://www.saucedemo.com/v1/inventory.html] but found [https://www.saucedemo.com/v1/index.html]
at org.testng.Assert.fail(Assert.java:99)
at org.testng.Assert.failNotEquals(Assert.java:1037)
at org.testng.Assert.assertEqualsImpl(Assert.java:140)
at org.testng.Assert.assertEquals(Assert.java:122)
at org.testng.Assert.assertEquals(Assert.java:629)
at org.testng.Assert.assertEquals(Assert.java:639)
at com.swaglab.tests.LoginPageTest.loginToApplication1(LoginPageTest.java:36)
at java.base/jdk.internal.reflect.NativeMethodAccessorImpl.invoke0(Native Method)
at java.base/jdk.internal.reflect.NativeMethodAccessorImpl.invoke(NativeMethodAccessorImpl.java:77)
at java.base/jdk.internal.reflect.DelegatingMethodAccessorImpl.invoke(DelegatingMethodAccessorImpl.java:43)
at java.base/java.lang.reflect.Method.invoke(Method.java:568)
at org.testng.internal.MethodInvocationHelper.invokeMethod(MethodInvocationHelper.java:133)
at org.testng.internal.TestInvoker.invokeMethod(TestInvoker.java:598)
at org.testng.internal.TestInvoker.invokeTestMethod(TestInvoker.java:173)
at org.testng.internal.MethodRunner.runInSequence(MethodRunner.java:46)
at org.testng.internal.TestInvoker$MethodInvocationAgent.invoke(TestInvoker.java:824)
at org.testng.internal.TestInvoker.invokeTestMethods(TestInvoker.java:146)
at org.testng.internal.TestMethodWorker.invokeTestMethods(TestMethodWorker.java:146)
at org.testng.internal.TestMethodWorker.run(TestMethodWorker.java:128)
at java.base/java.util.ArrayList.forEach(ArrayList.java:1511)
at org.testng.TestRunner.privateRun(TestRunner.java:794)
at org.testng.TestRunner.run(TestRunner.java:596)
at org.testng.SuiteRunner.runTest(SuiteRunner.java:377)
at org.testng.SuiteRunner.runSequentially(SuiteRunner.java:371)
at org.testng.SuiteRunner.privateRun(SuiteRunner.java:332)
at org.testng.SuiteRunner.run(SuiteRunner.java:276)
at org.testng.SuiteRunnerWorker.runSuite(SuiteRunnerWorker.java:53)
at org.testng.SuiteRunnerWorker.run(SuiteRunnerWorker.java:96)
at org.testng.TestNG.runSuitesSequentially(TestNG.java:1212)
at org.testng.TestNG.runSuitesLocally(TestNG.java:1134)
at org.testng.TestNG.runSuites(TestNG.java:1063)
at org.testng.TestNG.run(TestNG.java:1031)
at org.testng.remote.AbstractRemoteTestNG.run(AbstractRemoteTestNG.java:115)
at org.testng.remote.RemoteTestNG.initAndRun(RemoteTestNG.java:251)
at org.testng.remote.RemoteTestNG.main(RemoteTestNG.java:77)
]]>
            </full-stacktrace>
          </exception> <!-- java.lang.AssertionError -->
          <reporter-output>
          </reporter-output>
        </test-method> <!-- loginToApplication1 -->
        <test-method signature="loginToApplication1(java.lang.String,java.lang.String)[pri:3, instance:com.swaglab.tests.LoginPageTest@611889f4]" started-at="2024-05-10T02:19:40 IST" name="loginToApplication1" data-provider="getLoginData" finished-at="2024-05-10T02:19:40 IST" duration-ms="140" status="PASS">
          <params>
            <param index="0">
              <value>
                <![CDATA[problem_user]]>
              </value>
            </param>
            <param index="1">
              <value>
                <![CDATA[secret_sauce]]>
              </value>
            </param>
          </params>
          <reporter-output>
          </reporter-output>
        </test-method> <!-- loginToApplication1 -->
        <test-method signature="loginToApplication1(java.lang.String,java.lang.String)[pri:3, instance:com.swaglab.tests.LoginPageTest@611889f4]" started-at="2024-05-10T02:19:40 IST" name="loginToApplication1" data-provider="getLoginData" finished-at="2024-05-10T02:19:45 IST" duration-ms="5127" status="PASS">
          <params>
            <param index="0">
              <value>
                <![CDATA[performance_glitch_user]]>
              </value>
            </param>
            <param index="1">
              <value>
                <![CDATA[secret_sauce]]>
              </value>
            </param>
          </params>
          <reporter-output>
          </reporter-output>
        </test-method> <!-- loginToApplication1 -->
        <test-method is-config="true" signature="tearDown()[pri:0, instance:com.swaglab.tests.LoginPageTest@611889f4]" started-at="2024-05-10T02:19:45 IST" name="tearDown" finished-at="2024-05-10T02:19:46 IST" duration-ms="228" status="PASS">
          <reporter-output>
          </reporter-output>
        </test-method> <!-- tearDown -->
      </class> <!-- com.swaglab.tests.LoginPageTest -->
    </test> <!-- Default test -->
  </suite> <!-- Default suite -->
</testng-results>
